  CoatService.cpp
E:\Universitate\Semestrul2-GitHub\OOP\Lab5-6\CoatService.cpp(31,20): warning C4018: '<': signed/unsigned mismatch
  CommandUserInterface.cpp
E:\Universitate\Semestrul2-GitHub\OOP\Lab5-6\CommandUserInterface.cpp(37,1): warning C4996: 'strtok': This function or variable may be unsafe. Consider using strtok_s instead. To disable deprecation, use _CRT_SECURE_NO_WARNINGS. See online help for details.
E:\Windows Kits\10\Include\10.0.18362.0\ucrt\string.h(440): message : see declaration of 'strtok'
E:\Universitate\Semestrul2-GitHub\OOP\Lab5-6\CommandUserInterface.cpp(47,1): warning C4996: 'strcpy': This function or variable may be unsafe. Consider using strcpy_s instead. To disable deprecation, use _CRT_SECURE_NO_WARNINGS. See online help for details.
E:\Windows Kits\10\Include\10.0.18362.0\ucrt\string.h(133): message : see declaration of 'strcpy'
E:\Universitate\Semestrul2-GitHub\OOP\Lab5-6\CommandUserInterface.cpp(48,1): warning C4996: 'strtok': This function or variable may be unsafe. Consider using strtok_s instead. To disable deprecation, use _CRT_SECURE_NO_WARNINGS. See online help for details.
E:\Windows Kits\10\Include\10.0.18362.0\ucrt\string.h(440): message : see declaration of 'strtok'
E:\Universitate\Semestrul2-GitHub\OOP\Lab5-6\CommandUserInterface.cpp(54,1): warning C4996: 'strcpy': This function or variable may be unsafe. Consider using strcpy_s instead. To disable deprecation, use _CRT_SECURE_NO_WARNINGS. See online help for details.
E:\Windows Kits\10\Include\10.0.18362.0\ucrt\string.h(133): message : see declaration of 'strcpy'
E:\Universitate\Semestrul2-GitHub\OOP\Lab5-6\CommandUserInterface.cpp(118,1): warning C4996: 'strtok': This function or variable may be unsafe. Consider using strtok_s instead. To disable deprecation, use _CRT_SECURE_NO_WARNINGS. See online help for details.
E:\Windows Kits\10\Include\10.0.18362.0\ucrt\string.h(440): message : see declaration of 'strtok'
E:\Universitate\Semestrul2-GitHub\OOP\Lab5-6\CommandUserInterface.cpp(128,1): warning C4996: 'strcpy': This function or variable may be unsafe. Consider using strcpy_s instead. To disable deprecation, use _CRT_SECURE_NO_WARNINGS. See online help for details.
E:\Windows Kits\10\Include\10.0.18362.0\ucrt\string.h(133): message : see declaration of 'strcpy'
E:\Universitate\Semestrul2-GitHub\OOP\Lab5-6\CommandUserInterface.cpp(129,1): warning C4996: 'strtok': This function or variable may be unsafe. Consider using strtok_s instead. To disable deprecation, use _CRT_SECURE_NO_WARNINGS. See online help for details.
E:\Windows Kits\10\Include\10.0.18362.0\ucrt\string.h(440): message : see declaration of 'strtok'
E:\Universitate\Semestrul2-GitHub\OOP\Lab5-6\CommandUserInterface.cpp(134,1): warning C4996: 'strcpy': This function or variable may be unsafe. Consider using strcpy_s instead. To disable deprecation, use _CRT_SECURE_NO_WARNINGS. See online help for details.
E:\Windows Kits\10\Include\10.0.18362.0\ucrt\string.h(133): message : see declaration of 'strcpy'
E:\Universitate\Semestrul2-GitHub\OOP\Lab5-6\CommandUserInterface.cpp(152,1): warning C4996: 'strcpy': This function or variable may be unsafe. Consider using strcpy_s instead. To disable deprecation, use _CRT_SECURE_NO_WARNINGS. See online help for details.
E:\Windows Kits\10\Include\10.0.18362.0\ucrt\string.h(133): message : see declaration of 'strcpy'
E:\Universitate\Semestrul2-GitHub\OOP\Lab5-6\CommandUserInterface.cpp(246,1): warning C4996: 'strtok': This function or variable may be unsafe. Consider using strtok_s instead. To disable deprecation, use _CRT_SECURE_NO_WARNINGS. See online help for details.
E:\Windows Kits\10\Include\10.0.18362.0\ucrt\string.h(440): message : see declaration of 'strtok'
E:\Universitate\Semestrul2-GitHub\OOP\Lab5-6\CommandUserInterface.cpp(256,1): warning C4996: 'strcpy': This function or variable may be unsafe. Consider using strcpy_s instead. To disable deprecation, use _CRT_SECURE_NO_WARNINGS. See online help for details.
E:\Windows Kits\10\Include\10.0.18362.0\ucrt\string.h(133): message : see declaration of 'strcpy'
E:\Universitate\Semestrul2-GitHub\OOP\Lab5-6\CommandUserInterface.cpp(257,1): warning C4996: 'strtok': This function or variable may be unsafe. Consider using strtok_s instead. To disable deprecation, use _CRT_SECURE_NO_WARNINGS. See online help for details.
E:\Windows Kits\10\Include\10.0.18362.0\ucrt\string.h(440): message : see declaration of 'strtok'
E:\Universitate\Semestrul2-GitHub\OOP\Lab5-6\CommandUserInterface.cpp(262,1): warning C4996: 'strcpy': This function or variable may be unsafe. Consider using strcpy_s instead. To disable deprecation, use _CRT_SECURE_NO_WARNINGS. See online help for details.
E:\Windows Kits\10\Include\10.0.18362.0\ucrt\string.h(133): message : see declaration of 'strcpy'
E:\Universitate\Semestrul2-GitHub\OOP\Lab5-6\CommandUserInterface.cpp(280,1): warning C4996: 'strcpy': This function or variable may be unsafe. Consider using strcpy_s instead. To disable deprecation, use _CRT_SECURE_NO_WARNINGS. See online help for details.
E:\Windows Kits\10\Include\10.0.18362.0\ucrt\string.h(133): message : see declaration of 'strcpy'
  Generating Code...
  Lab5-6.vcxproj -> E:\Universitate\Semestrul2-GitHub\OOP\Lab5-6\Debug\Lab5-6.exe
