e:\universitate\semestrul2-github\oop\bigtaskmanager\x64\debug\uic\ui_gui.h
e:\universitate\semestrul2-github\oop\bigtaskmanager\x64\debug\rcc\qrc_gui.cpp
e:\universitate\semestrul2-github\oop\bigtaskmanager\x64\debug\moc\moc_gui.cpp
e:\universitate\semestrul2-github\oop\bigtaskmanager\x64\debug\vc142.pdb
e:\universitate\semestrul2-github\oop\bigtaskmanager\x64\debug\moc_gui.obj
e:\universitate\semestrul2-github\oop\bigtaskmanager\x64\debug\qrc_gui.obj
e:\universitate\semestrul2-github\oop\bigtaskmanager\x64\debug\gui.obj
e:\universitate\semestrul2-github\oop\bigtaskmanager\x64\debug\domain.obj
e:\universitate\semestrul2-github\oop\bigtaskmanager\x64\debug\service.obj
e:\universitate\semestrul2-github\oop\bigtaskmanager\x64\debug\main.obj
e:\universitate\semestrul2-github\oop\bigtaskmanager\x64\debug\repository.obj
e:\universitate\semestrul2-github\oop\bigtaskmanager\x64\debug\bigtaskmanager.exe
e:\universitate\semestrul2-github\oop\bigtaskmanager\x64\debug\bigtaskmanager.ilk
e:\universitate\semestrul2-github\oop\bigtaskmanager\x64\debug\bigtaskmanager.pdb
e:\universitate\semestrul2-github\oop\bigtaskmanager\x64\debug\\moc\moc_gui.cpp
e:\universitate\semestrul2-github\oop\bigtaskmanager\x64\debug\\rcc\qrc_gui.cpp
e:\universitate\semestrul2-github\oop\bigtaskmanager\x64\debug\\uic\ui_gui.h
e:\universitate\semestrul2-github\oop\bigtaskmanager\x64\debug\bigtaskmanager.tlog\bigtaskmanager.write.1u.tlog
e:\universitate\semestrul2-github\oop\bigtaskmanager\x64\debug\bigtaskmanager.tlog\cl.command.1.tlog
e:\universitate\semestrul2-github\oop\bigtaskmanager\x64\debug\bigtaskmanager.tlog\cl.read.1.tlog
e:\universitate\semestrul2-github\oop\bigtaskmanager\x64\debug\bigtaskmanager.tlog\cl.write.1.tlog
e:\universitate\semestrul2-github\oop\bigtaskmanager\x64\debug\bigtaskmanager.tlog\link.9948.delete.1.tlog
e:\universitate\semestrul2-github\oop\bigtaskmanager\x64\debug\bigtaskmanager.tlog\link.command.1.tlog
e:\universitate\semestrul2-github\oop\bigtaskmanager\x64\debug\bigtaskmanager.tlog\link.read.1.tlog
e:\universitate\semestrul2-github\oop\bigtaskmanager\x64\debug\bigtaskmanager.tlog\link.write.1.tlog
e:\universitate\semestrul2-github\oop\bigtaskmanager\x64\debug\bigtaskmanager.tlog\moc.read.1u.tlog
e:\universitate\semestrul2-github\oop\bigtaskmanager\x64\debug\bigtaskmanager.tlog\moc.write.1u.tlog
e:\universitate\semestrul2-github\oop\bigtaskmanager\x64\debug\bigtaskmanager.tlog\rcc.read.1u.tlog
e:\universitate\semestrul2-github\oop\bigtaskmanager\x64\debug\bigtaskmanager.tlog\rcc.write.1u.tlog
e:\universitate\semestrul2-github\oop\bigtaskmanager\x64\debug\bigtaskmanager.tlog\uic.read.1u.tlog
e:\universitate\semestrul2-github\oop\bigtaskmanager\x64\debug\bigtaskmanager.tlog\uic.write.1u.tlog
