e:\universitate\semestrul2-github\oop\lab8-9\debug\vc142.pdb
e:\universitate\semestrul2-github\oop\lab8-9\debug\vc142.idb
e:\universitate\semestrul2-github\oop\lab8-9\debug\trenchcoat.nativecodeanalysis.sarif
e:\universitate\semestrul2-github\oop\lab8-9\debug\trenchcoat.nativecodeanalysis.xml
e:\universitate\semestrul2-github\oop\lab8-9\debug\tests.nativecodeanalysis.sarif
e:\universitate\semestrul2-github\oop\lab8-9\debug\tests.nativecodeanalysis.xml
e:\universitate\semestrul2-github\oop\lab8-9\debug\main.nativecodeanalysis.sarif
e:\universitate\semestrul2-github\oop\lab8-9\debug\main.nativecodeanalysis.xml
e:\universitate\semestrul2-github\oop\lab8-9\debug\filerepository.nativecodeanalysis.sarif
e:\universitate\semestrul2-github\oop\lab8-9\debug\filerepository.nativecodeanalysis.xml
e:\universitate\semestrul2-github\oop\lab8-9\debug\exceptions.nativecodeanalysis.sarif
e:\universitate\semestrul2-github\oop\lab8-9\debug\exceptions.nativecodeanalysis.xml
e:\universitate\semestrul2-github\oop\lab8-9\debug\commanduserinterface.nativecodeanalysis.sarif
e:\universitate\semestrul2-github\oop\lab8-9\debug\commanduserinterface.nativecodeanalysis.xml
e:\universitate\semestrul2-github\oop\lab8-9\debug\coatsiterator.nativecodeanalysis.sarif
e:\universitate\semestrul2-github\oop\lab8-9\debug\coatsiterator.nativecodeanalysis.xml
e:\universitate\semestrul2-github\oop\lab8-9\debug\coatservice.nativecodeanalysis.sarif
e:\universitate\semestrul2-github\oop\lab8-9\debug\coatservice.nativecodeanalysis.xml
e:\universitate\semestrul2-github\oop\lab8-9\debug\coatservice.obj
e:\universitate\semestrul2-github\oop\lab8-9\debug\coatsiterator.obj
e:\universitate\semestrul2-github\oop\lab8-9\debug\commanduserinterface.obj
e:\universitate\semestrul2-github\oop\lab8-9\debug\exceptions.obj
e:\universitate\semestrul2-github\oop\lab8-9\debug\filerepository.obj
e:\universitate\semestrul2-github\oop\lab8-9\debug\main.obj
e:\universitate\semestrul2-github\oop\lab8-9\debug\tests.obj
e:\universitate\semestrul2-github\oop\lab8-9\debug\trenchcoat.obj
e:\universitate\semestrul2-github\oop\lab8-9\debug\coatvalidator.nativecodeanalysis.sarif
e:\universitate\semestrul2-github\oop\lab8-9\debug\coatvalidator.nativecodeanalysis.xml
e:\universitate\semestrul2-github\oop\lab8-9\debug\coatvalidator.obj
e:\universitate\semestrul2-github\oop\lab8-9\debug\lab8-9.exe
e:\universitate\semestrul2-github\oop\lab8-9\debug\lab8-9.ilk
e:\universitate\semestrul2-github\oop\lab8-9\debug\lab8-9.pdb
e:\universitate\semestrul2-github\oop\lab8-9\debug\nativecodeanalysis.read.1.tlog
e:\universitate\semestrul2-github\oop\lab8-9\debug\vc.nativecodeanalysis.all.xml
e:\universitate\semestrul2-github\oop\lab8-9\debug\lab8-9.tlog\cl.command.1.tlog
e:\universitate\semestrul2-github\oop\lab8-9\debug\lab8-9.tlog\cl.read.1.tlog
e:\universitate\semestrul2-github\oop\lab8-9\debug\lab8-9.tlog\cl.write.1.tlog
e:\universitate\semestrul2-github\oop\lab8-9\debug\lab8-9.tlog\link.command.1.tlog
e:\universitate\semestrul2-github\oop\lab8-9\debug\lab8-9.tlog\link.read.1.tlog
e:\universitate\semestrul2-github\oop\lab8-9\debug\lab8-9.tlog\link.write.1.tlog
