e:\universitate\semestrul2-github\oop\trenchcoatadministrator\x64\debug\qrc_trenchcoatadministrator.obj
e:\universitate\semestrul2-github\oop\trenchcoatadministrator\x64\debug\moc_trenchcoatadministrator.obj
e:\universitate\semestrul2-github\oop\trenchcoatadministrator\x64\debug\trenchcoatadministrator.obj
e:\universitate\semestrul2-github\oop\trenchcoatadministrator\x64\debug\main.obj
e:\universitate\semestrul2-github\oop\trenchcoatadministrator\x64\debug\vc142.pdb
e:\universitate\semestrul2-github\oop\trenchcoatadministrator\x64\debug\moc_gui.obj
e:\universitate\semestrul2-github\oop\trenchcoatadministrator\x64\debug\coatservice.obj
e:\universitate\semestrul2-github\oop\trenchcoatadministrator\x64\debug\tests.obj
e:\universitate\semestrul2-github\oop\trenchcoatadministrator\x64\debug\action.obj
e:\universitate\semestrul2-github\oop\trenchcoatadministrator\x64\debug\coatvalidator.obj
e:\universitate\semestrul2-github\oop\trenchcoatadministrator\x64\debug\exceptions.obj
e:\universitate\semestrul2-github\oop\trenchcoatadministrator\x64\debug\trenchcoat.obj
e:\universitate\semestrul2-github\oop\trenchcoatadministrator\x64\debug\coatsiterator.obj
e:\universitate\semestrul2-github\oop\trenchcoatadministrator\x64\debug\filerepository.obj
e:\universitate\semestrul2-github\oop\trenchcoatadministrator\x64\debug\gui.obj
e:\universitate\semestrul2-github\oop\trenchcoatadministrator\x64\debug\barchart.obj
e:\universitate\semestrul2-github\oop\trenchcoatadministrator\x64\debug\moc_barchart.obj
e:\universitate\semestrul2-github\oop\trenchcoatadministrator\x64\debug\inmemoryrepository.obj
e:\universitate\semestrul2-github\oop\trenchcoatadministrator\x64\debug\abstractrepository.obj
e:\universitate\semestrul2-github\oop\trenchcoatadministrator\x64\debug\graphicaluserinterface.obj
e:\universitate\semestrul2-github\oop\trenchcoatadministrator\x64\debug\moc_graphicaluserinterface.obj
e:\universitate\semestrul2-github\oop\trenchcoatadministrator\x64\debug\trenchcoatadministrator.exe
e:\universitate\semestrul2-github\oop\trenchcoatadministrator\x64\debug\trenchcoatadministrator.ilk
e:\universitate\semestrul2-github\oop\trenchcoatadministrator\x64\debug\trenchcoatadministrator.pdb
e:\universitate\semestrul2-github\oop\trenchcoatadministrator\x64\debug\\moc\moc_gui.cpp
e:\universitate\semestrul2-github\oop\trenchcoatadministrator\x64\debug\\moc\moc_barchart.cpp
e:\universitate\semestrul2-github\oop\trenchcoatadministrator\x64\debug\\moc\moc_graphicaluserinterface.cpp
e:\universitate\semestrul2-github\oop\trenchcoatadministrator\x64\debug\\rcc\qrc_trenchcoatadministrator.cpp
e:\universitate\semestrul2-github\oop\trenchcoatadministrator\x64\debug\uic\ui_trenchcoatadministrator.h
e:\universitate\semestrul2-github\oop\trenchcoatadministrator\x64\debug\rcc\qrc_trenchcoatadministrator.cpp
e:\universitate\semestrul2-github\oop\trenchcoatadministrator\x64\debug\moc\moc_trenchcoatadministrator.cpp
e:\universitate\semestrul2-github\oop\trenchcoatadministrator\x64\debug\moc\moc_gui.cpp
e:\universitate\semestrul2-github\oop\trenchcoatadministrator\x64\debug\moc\moc_barchart.cpp
e:\universitate\semestrul2-github\oop\trenchcoatadministrator\x64\debug\uic\ui_graphicaluserinterface.h
e:\universitate\semestrul2-github\oop\trenchcoatadministrator\x64\debug\moc\moc_graphicaluserinterface.cpp
e:\universitate\semestrul2-github\oop\trenchcoatadministrator\x64\debug\\uic\ui_graphicaluserinterface.h
e:\universitate\semestrul2-github\oop\trenchcoatadministrator\x64\debug\\uic\ui_trenchcoatadministrator.h
e:\universitate\semestrul2-github\oop\trenchcoatadministrator\x64\debug\trenchco.9374d2d3.tlog\cl.command.1.tlog
e:\universitate\semestrul2-github\oop\trenchcoatadministrator\x64\debug\trenchco.9374d2d3.tlog\cl.read.1.tlog
e:\universitate\semestrul2-github\oop\trenchcoatadministrator\x64\debug\trenchco.9374d2d3.tlog\cl.write.1.tlog
e:\universitate\semestrul2-github\oop\trenchcoatadministrator\x64\debug\trenchco.9374d2d3.tlog\link.10384.delete.1.tlog
e:\universitate\semestrul2-github\oop\trenchcoatadministrator\x64\debug\trenchco.9374d2d3.tlog\link.10848.delete.1.tlog
e:\universitate\semestrul2-github\oop\trenchcoatadministrator\x64\debug\trenchco.9374d2d3.tlog\link.11288.delete.1.tlog
e:\universitate\semestrul2-github\oop\trenchcoatadministrator\x64\debug\trenchco.9374d2d3.tlog\link.11384.delete.1.tlog
e:\universitate\semestrul2-github\oop\trenchcoatadministrator\x64\debug\trenchco.9374d2d3.tlog\link.11672.delete.1.tlog
e:\universitate\semestrul2-github\oop\trenchcoatadministrator\x64\debug\trenchco.9374d2d3.tlog\link.11952.delete.1.tlog
e:\universitate\semestrul2-github\oop\trenchcoatadministrator\x64\debug\trenchco.9374d2d3.tlog\link.12300.delete.1.tlog
e:\universitate\semestrul2-github\oop\trenchcoatadministrator\x64\debug\trenchco.9374d2d3.tlog\link.12328.delete.1.tlog
e:\universitate\semestrul2-github\oop\trenchcoatadministrator\x64\debug\trenchco.9374d2d3.tlog\link.13220.delete.1.tlog
e:\universitate\semestrul2-github\oop\trenchcoatadministrator\x64\debug\trenchco.9374d2d3.tlog\link.13504.delete.1.tlog
e:\universitate\semestrul2-github\oop\trenchcoatadministrator\x64\debug\trenchco.9374d2d3.tlog\link.15012.delete.1.tlog
e:\universitate\semestrul2-github\oop\trenchcoatadministrator\x64\debug\trenchco.9374d2d3.tlog\link.15272.delete.1.tlog
e:\universitate\semestrul2-github\oop\trenchcoatadministrator\x64\debug\trenchco.9374d2d3.tlog\link.15504.delete.1.tlog
e:\universitate\semestrul2-github\oop\trenchcoatadministrator\x64\debug\trenchco.9374d2d3.tlog\link.15764.delete.1.tlog
e:\universitate\semestrul2-github\oop\trenchcoatadministrator\x64\debug\trenchco.9374d2d3.tlog\link.15864.delete.1.tlog
e:\universitate\semestrul2-github\oop\trenchcoatadministrator\x64\debug\trenchco.9374d2d3.tlog\link.18416.delete.1.tlog
e:\universitate\semestrul2-github\oop\trenchcoatadministrator\x64\debug\trenchco.9374d2d3.tlog\link.19684.delete.1.tlog
e:\universitate\semestrul2-github\oop\trenchcoatadministrator\x64\debug\trenchco.9374d2d3.tlog\link.20104.delete.1.tlog
e:\universitate\semestrul2-github\oop\trenchcoatadministrator\x64\debug\trenchco.9374d2d3.tlog\link.20328.delete.1.tlog
e:\universitate\semestrul2-github\oop\trenchcoatadministrator\x64\debug\trenchco.9374d2d3.tlog\link.21460.delete.1.tlog
e:\universitate\semestrul2-github\oop\trenchcoatadministrator\x64\debug\trenchco.9374d2d3.tlog\link.23596.delete.1.tlog
e:\universitate\semestrul2-github\oop\trenchcoatadministrator\x64\debug\trenchco.9374d2d3.tlog\link.25240.delete.1.tlog
e:\universitate\semestrul2-github\oop\trenchcoatadministrator\x64\debug\trenchco.9374d2d3.tlog\link.26376.delete.1.tlog
e:\universitate\semestrul2-github\oop\trenchcoatadministrator\x64\debug\trenchco.9374d2d3.tlog\link.26412.delete.1.tlog
e:\universitate\semestrul2-github\oop\trenchcoatadministrator\x64\debug\trenchco.9374d2d3.tlog\link.26912.delete.1.tlog
e:\universitate\semestrul2-github\oop\trenchcoatadministrator\x64\debug\trenchco.9374d2d3.tlog\link.27140.delete.1.tlog
e:\universitate\semestrul2-github\oop\trenchcoatadministrator\x64\debug\trenchco.9374d2d3.tlog\link.27284.delete.1.tlog
e:\universitate\semestrul2-github\oop\trenchcoatadministrator\x64\debug\trenchco.9374d2d3.tlog\link.27664.delete.1.tlog
e:\universitate\semestrul2-github\oop\trenchcoatadministrator\x64\debug\trenchco.9374d2d3.tlog\link.28924.delete.1.tlog
e:\universitate\semestrul2-github\oop\trenchcoatadministrator\x64\debug\trenchco.9374d2d3.tlog\link.30904.delete.1.tlog
e:\universitate\semestrul2-github\oop\trenchcoatadministrator\x64\debug\trenchco.9374d2d3.tlog\link.31052.delete.1.tlog
e:\universitate\semestrul2-github\oop\trenchcoatadministrator\x64\debug\trenchco.9374d2d3.tlog\link.32188.delete.1.tlog
e:\universitate\semestrul2-github\oop\trenchcoatadministrator\x64\debug\trenchco.9374d2d3.tlog\link.32676.delete.1.tlog
e:\universitate\semestrul2-github\oop\trenchcoatadministrator\x64\debug\trenchco.9374d2d3.tlog\link.33692.delete.1.tlog
e:\universitate\semestrul2-github\oop\trenchcoatadministrator\x64\debug\trenchco.9374d2d3.tlog\link.34632.delete.1.tlog
e:\universitate\semestrul2-github\oop\trenchcoatadministrator\x64\debug\trenchco.9374d2d3.tlog\link.35100.delete.1.tlog
e:\universitate\semestrul2-github\oop\trenchcoatadministrator\x64\debug\trenchco.9374d2d3.tlog\link.37400.delete.1.tlog
e:\universitate\semestrul2-github\oop\trenchcoatadministrator\x64\debug\trenchco.9374d2d3.tlog\link.37856.delete.1.tlog
e:\universitate\semestrul2-github\oop\trenchcoatadministrator\x64\debug\trenchco.9374d2d3.tlog\link.38716.delete.1.tlog
e:\universitate\semestrul2-github\oop\trenchcoatadministrator\x64\debug\trenchco.9374d2d3.tlog\link.40216.delete.1.tlog
e:\universitate\semestrul2-github\oop\trenchcoatadministrator\x64\debug\trenchco.9374d2d3.tlog\link.43352.delete.1.tlog
e:\universitate\semestrul2-github\oop\trenchcoatadministrator\x64\debug\trenchco.9374d2d3.tlog\link.4432.delete.1.tlog
e:\universitate\semestrul2-github\oop\trenchcoatadministrator\x64\debug\trenchco.9374d2d3.tlog\link.5056.delete.1.tlog
e:\universitate\semestrul2-github\oop\trenchcoatadministrator\x64\debug\trenchco.9374d2d3.tlog\link.6136.delete.1.tlog
e:\universitate\semestrul2-github\oop\trenchcoatadministrator\x64\debug\trenchco.9374d2d3.tlog\link.6336.delete.1.tlog
e:\universitate\semestrul2-github\oop\trenchcoatadministrator\x64\debug\trenchco.9374d2d3.tlog\link.6904.delete.1.tlog
e:\universitate\semestrul2-github\oop\trenchcoatadministrator\x64\debug\trenchco.9374d2d3.tlog\link.8908.delete.1.tlog
e:\universitate\semestrul2-github\oop\trenchcoatadministrator\x64\debug\trenchco.9374d2d3.tlog\link.command.1.tlog
e:\universitate\semestrul2-github\oop\trenchcoatadministrator\x64\debug\trenchco.9374d2d3.tlog\link.delete.1.tlog
e:\universitate\semestrul2-github\oop\trenchcoatadministrator\x64\debug\trenchco.9374d2d3.tlog\link.read.1.tlog
e:\universitate\semestrul2-github\oop\trenchcoatadministrator\x64\debug\trenchco.9374d2d3.tlog\link.write.1.tlog
e:\universitate\semestrul2-github\oop\trenchcoatadministrator\x64\debug\trenchco.9374d2d3.tlog\moc.read.1u.tlog
e:\universitate\semestrul2-github\oop\trenchcoatadministrator\x64\debug\trenchco.9374d2d3.tlog\moc.write.1u.tlog
e:\universitate\semestrul2-github\oop\trenchcoatadministrator\x64\debug\trenchco.9374d2d3.tlog\rcc.read.1u.tlog
e:\universitate\semestrul2-github\oop\trenchcoatadministrator\x64\debug\trenchco.9374d2d3.tlog\rcc.write.1u.tlog
e:\universitate\semestrul2-github\oop\trenchcoatadministrator\x64\debug\trenchco.9374d2d3.tlog\trenchcoatadministrator.write.1u.tlog
e:\universitate\semestrul2-github\oop\trenchcoatadministrator\x64\debug\trenchco.9374d2d3.tlog\uic.read.1u.tlog
e:\universitate\semestrul2-github\oop\trenchcoatadministrator\x64\debug\trenchco.9374d2d3.tlog\uic.write.1u.tlog
